{
  "stats": {
    "suites": 2,
    "tests": 2,
    "passes": 0,
    "pending": 0,
    "failures": 2,
    "start": "2023-05-19T00:19:46.613Z",
    "end": "2023-05-19T00:19:56.015Z",
    "duration": 9402,
    "testsRegistered": 2,
    "passPercent": 0,
    "pendingPercent": 0,
    "other": 0,
    "hasOther": false,
    "skipped": 0,
    "hasSkipped": false
  },
  "results": [
    {
      "uuid": "a020e28b-0603-493a-b8d8-2a69f9d9c927",
      "title": "",
      "fullFile": "",
      "file": "",
      "beforeHooks": [],
      "afterHooks": [],
      "tests": [],
      "suites": [
        {
          "uuid": "9f479820-83f5-4fce-9a9a-acf0301c40da",
          "title": "Login test",
          "fullFile": "C:\\Users\\afshi\\selenium\\afshin-projects\\os-p1\\E2E-test-automation-os-contractor-db\\test\\tc01-login.js",
          "file": "\\test\\tc01-login.js",
          "beforeHooks": [],
          "afterHooks": [],
          "tests": [
            {
              "title": "tc01-login",
              "fullTitle": "Login test tc01-login",
              "timedOut": false,
              "duration": 4827,
              "state": "failed",
              "speed": null,
              "pass": false,
              "fail": true,
              "pending": false,
              "context": null,
              "code": "let driver = await new Builder().forBrowser(\"firefox\").build();\nawait driver.get(\"http://localhost:3000\");\nawait driver.findElement(By.className(\"customButton4\")).click();\nawait driver\n  .findElement(By.id(\"emailInput\"))\n  .sendKeys(\"qa@qa.com\", Key.RETURN);\nawait driver\n  .findElement(By.xpath(\"/html/body/div/div[2]/div/div[2]/div[1]/input[2]\"))\n  .sendKeys(\"123456\", Key.RETURN);\nlet email = await driver\n  .findElement(By.id(\"emailInput\"))\n  .getText()\n  .then(function (value) {\n    return value;\n  });\nexpect(email).to.equal(\"qa@qa.com\");\ndriver.quit();",
              "err": {
                "message": "AssertionError: expected '' to equal 'qa@qa.com'",
                "estack": "AssertionError: expected '' to equal 'qa@qa.com'\n    at Context.<anonymous> (test\\tc01-login.js:33:22)\n    at processTicksAndRejections (node:internal/process/task_queues:96:5)",
                "diff": "+ qa@qa.com\n"
              },
              "uuid": "5190923c-f72a-4d21-a585-ab39220729ed",
              "parentUUID": "9f479820-83f5-4fce-9a9a-acf0301c40da",
              "isHook": false,
              "skipped": false
            }
          ],
          "suites": [],
          "passes": [],
          "failures": [
            "5190923c-f72a-4d21-a585-ab39220729ed"
          ],
          "pending": [],
          "skipped": [],
          "duration": 4827,
          "root": false,
          "rootEmpty": false,
          "_timeout": 0
        },
        {
          "uuid": "9376c3fc-e5b1-4080-8e29-fc82194de5c9",
          "title": "about page test",
          "fullFile": "C:\\Users\\afshi\\selenium\\afshin-projects\\os-p1\\E2E-test-automation-os-contractor-db\\test\\tc02-about.js",
          "file": "\\test\\tc02-about.js",
          "beforeHooks": [],
          "afterHooks": [],
          "tests": [
            {
              "title": "tc02-about",
              "fullTitle": "about page test tc02-about",
              "timedOut": false,
              "duration": 4563,
              "state": "failed",
              "speed": null,
              "pass": false,
              "fail": true,
              "pending": false,
              "context": null,
              "code": "let driver = await new Builder().forBrowser(\"firefox\").build();\nawait driver.get(\"http://localhost:3000/contractorList\");\nawait driver\n  .findElement(By.xpath(`//*[@id=\"root\"]/div[1]/ul/li[3]/a`))\n  .click();\nawait driver\n  .findElement(\n    By.xpath(\n      `//*[@id=\"root\"]/div[1]/div[2]/div[1]/div/div[1]/div/div[1]/span/input`\n    )\n  )\n  .click();\nawait driver.findElement(By.id(\":r2:\")).click();\nsetInterval(function () {\n  driver.quit();\n}, 5000);",
              "err": {
                "message": "NoSuchElementError: Unable to locate element: //*[@id=\"root\"]/div[1]/div[2]/div[1]/div/div[1]/div/div[1]/span/input",
                "estack": "NoSuchElementError: Unable to locate element: //*[@id=\"root\"]/div[1]/div[2]/div[1]/div/div[1]/div/div[1]/span/input\n    at Object.throwDecodedError (node_modules\\selenium-webdriver\\lib\\error.js:524:15)\n    at parseHttpResponse (node_modules\\selenium-webdriver\\lib\\http.js:601:13)\n    at Executor.execute (node_modules\\selenium-webdriver\\lib\\http.js:529:28)\n    at processTicksAndRejections (node:internal/process/task_queues:96:5)\n    at async Driver.execute (node_modules\\selenium-webdriver\\lib\\webdriver.js:745:17)\n    at async toWireValue (node_modules\\selenium-webdriver\\lib\\webdriver.js:145:15)\n    at async C:\\Users\\afshi\\selenium\\afshin-projects\\os-p1\\E2E-test-automation-os-contractor-db\\node_modules\\selenium-webdriver\\lib\\webdriver.js:195:16\n    at async forEachKey (node_modules\\selenium-webdriver\\lib\\webdriver.js:189:9)\n    at async convertKeys (node_modules\\selenium-webdriver\\lib\\webdriver.js:194:3)\n    at async Driver.execute (node_modules\\selenium-webdriver\\lib\\webdriver.js:743:22)\n    at async Context.<anonymous> (test\\tc02-about.js:14:5)",
                "diff": null
              },
              "uuid": "d100b963-4879-4a14-8d2a-aa60810fc566",
              "parentUUID": "9376c3fc-e5b1-4080-8e29-fc82194de5c9",
              "isHook": false,
              "skipped": false
            }
          ],
          "suites": [],
          "passes": [],
          "failures": [
            "d100b963-4879-4a14-8d2a-aa60810fc566"
          ],
          "pending": [],
          "skipped": [],
          "duration": 4563,
          "root": false,
          "rootEmpty": false,
          "_timeout": 0
        }
      ],
      "passes": [],
      "failures": [],
      "pending": [],
      "skipped": [],
      "duration": 0,
      "root": true,
      "rootEmpty": true,
      "_timeout": 0
    }
  ],
  "meta": {
    "mocha": {
      "version": "10.2.0"
    },
    "mochawesome": {
      "options": {
        "quiet": false,
        "reportFilename": "mochawesome",
        "saveHtml": true,
        "saveJson": true,
        "consoleReporter": "spec",
        "useInlineDiffs": false,
        "code": true
      },
      "version": "7.1.3"
    },
    "marge": {
      "options": null,
      "version": "6.2.0"
    }
  }
}